<?xml version="1.0" encoding="UTF-8"?>
<Site BuildName="(empty)"
	BuildStamp="20221019-1325-Experimental"
	Name="(empty)"
	Generator="ctest-3.6.2"
	CompilerName=""
	CompilerVersion=""
	OSName="Linux"
	Hostname="iZ2zedu4njy79sqivntvprZ"
	OSRelease="3.10.0-1160.62.1.el7.x86_64"
	OSVersion="#1 SMP Tue Apr 5 16:57:59 UTC 2022"
	OSPlatform="x86_64"
	Is64Bits="1"
	VendorString="GenuineIntel"
	VendorID="Intel Corporation"
	FamilyID="6"
	ModelID="79"
	ProcessorCacheSize="40960"
	NumberOfLogicalCPU="1"
	NumberOfPhysicalCPU="1"
	TotalVirtualMemory="0"
	TotalPhysicalMemory="1837"
	LogicalProcessorsPerPhysical="1"
	ProcessorClockFrequency="2494.22"
	>
	<Testing>
		<StartDateTime>Oct 19 21:25 CST</StartDateTime>
		<StartTestTime>1666185929</StartTestTime>
		<TestList/>
		<EndDateTime>Oct 19 21:25 CST</EndDateTime>
		<EndTestTime>1666185929</EndTestTime>
		<ElapsedMinutes>0</ElapsedMinutes>
	</Testing>
</Site>
